c:\users\m1821\source\repos\snake\snake\x64\debug\main.obj
c:\users\m1821\source\repos\snake\snake\x64\debug\induce.obj
c:\users\m1821\source\repos\snake\snake\x64\debug\setup.obj
c:\users\m1821\source\repos\snake\snake\x64\debug\game.obj
c:\users\m1821\source\repos\snake\snake\x64\debug\moc_snake.obj
c:\users\m1821\source\repos\snake\snake\x64\debug\rank.obj
c:\users\m1821\source\repos\snake\snake\x64\debug\snake.obj
c:\users\m1821\source\repos\snake\snake\x64\debug\qrc_snake.obj
c:\users\m1821\source\repos\snake\snake\x64\debug\moc_game.obj
c:\users\m1821\source\repos\snake\snake\x64\debug\moc_mainwindow.obj
c:\users\m1821\source\repos\snake\snake\x64\debug\mainwindow.obj
c:\users\m1821\source\repos\snake\snake\x64\debug\moc_setup.obj
c:\users\m1821\source\repos\snake\snake\x64\debug\moc_rank.obj
c:\users\m1821\source\repos\snake\snake\x64\debug\moc_induce.obj
c:\users\m1821\source\repos\snake\snake\x64\debug\vc141.pdb
c:\users\m1821\source\repos\snake\x64\debug\snake.exe
c:\users\m1821\source\repos\snake\x64\debug\snake.ilk
c:\users\m1821\source\repos\snake\x64\debug\snake.pdb
c:\users\m1821\source\repos\snake\snake\.\generatedfiles\debug\moc_snake.cpp
c:\users\m1821\source\repos\snake\snake\.\generatedfiles\debug\moc_induce.cpp
c:\users\m1821\source\repos\snake\snake\.\generatedfiles\debug\moc_mainwindow.cpp
c:\users\m1821\source\repos\snake\snake\.\generatedfiles\debug\moc_rank.cpp
c:\users\m1821\source\repos\snake\snake\.\generatedfiles\debug\moc_setup.cpp
c:\users\m1821\source\repos\snake\snake\.\generatedfiles\debug\moc_game.cpp
c:\users\m1821\source\repos\snake\snake\.\generatedfiles\qrc_snake.cpp
c:\users\m1821\source\repos\snake\snake\generatedfiles\ui_snake.h
c:\users\m1821\source\repos\snake\snake\generatedfiles\qrc_snake.cpp
c:\users\m1821\source\repos\snake\snake\generatedfiles\debug\moc_snake.cpp
c:\users\m1821\source\repos\snake\snake\generatedfiles\debug\moc_game.cpp
c:\users\m1821\source\repos\snake\snake\generatedfiles\debug\moc_mainwindow.cpp
c:\users\m1821\source\repos\snake\snake\generatedfiles\debug\moc_setup.cpp
c:\users\m1821\source\repos\snake\snake\generatedfiles\debug\moc_rank.cpp
c:\users\m1821\source\repos\snake\snake\generatedfiles\debug\moc_induce.cpp
c:\users\m1821\source\repos\snake\snake\.\generatedfiles\ui_snake.h
c:\users\m1821\source\repos\snake\snake\x64\debug\snake.tlog\cl.command.1.tlog
c:\users\m1821\source\repos\snake\snake\x64\debug\snake.tlog\cl.read.1.tlog
c:\users\m1821\source\repos\snake\snake\x64\debug\snake.tlog\cl.write.1.tlog
c:\users\m1821\source\repos\snake\snake\x64\debug\snake.tlog\link.command.1.tlog
c:\users\m1821\source\repos\snake\snake\x64\debug\snake.tlog\link.read.1.tlog
c:\users\m1821\source\repos\snake\snake\x64\debug\snake.tlog\link.write.1.tlog
c:\users\m1821\source\repos\snake\snake\x64\debug\snake.tlog\moc.read.1u.tlog
c:\users\m1821\source\repos\snake\snake\x64\debug\snake.tlog\moc.write.1u.tlog
c:\users\m1821\source\repos\snake\snake\x64\debug\snake.tlog\rcc.read.1u.tlog
c:\users\m1821\source\repos\snake\snake\x64\debug\snake.tlog\rcc.write.1u.tlog
c:\users\m1821\source\repos\snake\snake\x64\debug\snake.tlog\snake.write.1u.tlog
c:\users\m1821\source\repos\snake\snake\x64\debug\snake.tlog\uic.read.1u.tlog
c:\users\m1821\source\repos\snake\snake\x64\debug\snake.tlog\uic.write.1u.tlog
